Converting images
Compiling gui/src/screen2_screen/Screen2Presenter.cpp
Compiling gui/src/screen2_screen/Screen2View.cpp
Compiling gui/src/screen1_screen/Screen1Presenter.cpp
Compiling generated/gui_generated/src/screen1_screen/Screen1ViewBase.cpp
Compiling gui/src/common/FrontendApplication.cpp
Compiling gui/src/screen1_screen/Screen1View.cpp
Compiling gui/src/model/Model.cpp
Compiling generated/gui_generated/src/screen2_screen/Screen2ViewBase.cpp
Compiling generated/gui_generated/src/common/FrontendApplicationBase.cpp
Compiling generated/fonts/src/Kerning_verdana_10_4bpp.cpp
Compiling generated/fonts/src/Kerning_verdana_20_4bpp.cpp
Compiling generated/fonts/src/Font_verdana_10_4bpp.cpp
Compiling generated/fonts/src/Table_verdana_10_4bpp.cpp
Compiling generated/fonts/src/FontGetters.cpp
Compiling generated/fonts/src/Kerning_verdana_40_4bpp.cpp
Compiling generated/fonts/src/Font_verdana_20_4bpp.cpp
Compiling generated/fonts/src/Table_verdana_40_4bpp.cpp
Compiling generated/fonts/src/Table_verdana_20_4bpp.cpp
Compiling generated/fonts/src/Font_verdana_40_4bpp.cpp
Compiling generated/fonts/src/ApplicationFontProvider.cpp
Compiling generated/images/src/__designer/blue_buttons_round_edge_small_pressed.cpp
Compiling target/os/FreeRTOS7.6.0/OSWrappers.cpp
Compiling target/gcc/gccstubs.cpp
Compiling generated/images/src/BitmapDatabase.cpp
Compiling generated/texts/src/Texts.cpp
Compiling generated/images/src/__designer/blue_buttons_round_edge_small.cpp
Compiling generated/texts/src/LanguageGb.cpp
Compiling target/main.cpp
Compiling generated/texts/src/TypedTextDatabase.cpp
Compiling target/bsp/source/bsp/STM324x9ITouchController.cpp
Compiling target/bsp/source/bsp/STM324x9IButtonController.cpp
Compiling target/bsp/source/platform/stm32f4cube/STM32F4DMA.cpp
Compiling target/bsp/source/platform/stm32f4cube/STM32F4HAL.cpp
Compiling target/bsp/source/platform/cortex-m/CortexMMCUInstrumentation.cpp
Compiling target/bsp/source/BoardConfiguration.cpp
Compiling target/bsp/source/GPIO.cpp
Compiling target/os/FreeRTOS7.6.0/Source/croutine.c
Compiling target/os/FreeRTOS7.6.0/Source/list.c
Compiling target/os/FreeRTOS7.6.0/Source/queue.c
Compiling target/os/FreeRTOS7.6.0/Source/tasks.c
Compiling target/os/FreeRTOS7.6.0/Source/portable/MemMang/heap_2.c
In file included from target/bsp/include/platform/stm32f4cube/STM32F4xx_HAL_Driver/stm32f4xx_hal_rcc.h:47:0,
                 from target/bsp/include/stm32f4xx_hal_conf.h:233,
                 from target/bsp/include/platform/stm32f4cube/STM32F4xx_HAL_Driver/stm32f4xx_hal.h:48,
                 from target/bsp/source/BoardConfiguration.cpp:70:
target/bsp/source/BoardConfiguration.cpp: In function 'void SystemClock_Config()':
target/bsp/include/platform/stm32f4cube/STM32F4xx_HAL_Driver/stm32f4xx_hal_rcc.h:505:48: warning: conversion to void will not access object of type 'volatile uint32_t {aka volatile long unsigned int}'
                                         UNUSED(tmpreg); \
                                                 
target/bsp/include/platform/stm32f4cube/STM32F4xx_HAL_Driver/stm32f4xx_hal_def.h:86:27: note: in definition of macro 'UNUSED'
 #define UNUSED(x) ((void)(x))
                           ^
target/bsp/source/BoardConfiguration.cpp:213:5: note: in expansion of macro '__HAL_RCC_PWR_CLK_ENABLE'
     __HAL_RCC_PWR_CLK_ENABLE();
     ^~~~~~~~~~~~~~~~~~~~~~~~
target/bsp/include/platform/stm32f4cube/STM32F4xx_HAL_Driver/stm32f4xx_hal_pwr_ex.h:156:68: warning: conversion to void will not access object of type 'volatile uint32_t {aka volatile long unsigned int}'
                                                             UNUSED(tmpreg);                                     \
                                                                     
target/bsp/include/platform/stm32f4cube/STM32F4xx_HAL_Driver/stm32f4xx_hal_def.h:86:27: note: in definition of macro 'UNUSED'
 #define UNUSED(x) ((void)(x))
                           ^
target/bsp/source/BoardConfiguration.cpp:218:5: note: in expansion of macro '__HAL_PWR_VOLTAGESCALING_CONFIG'
     __HAL_PWR_VOLTAGESCALING_CONFIG(PWR_REGULATOR_VOLTAGE_SCALE1);
     ^~~~~~~~~~~~~~~~~~~~~~~~~~~~~~~
Compiling target/os/FreeRTOS7.6.0/Source/timers.c
Compiling target/gcc/isr.c
Compiling target/os/FreeRTOS7.6.0/Source/portable/GCC/ARM_CM4F/port.c
Compiling target/bsp/source/vendor/STM324x9I_EVAL/stm324x9i_eval.c
Compiling target/bsp/source/vendor/STM324x9I_EVAL/stm324x9i_eval_lcd.c
Compiling target/bsp/source/vendor/STM324x9I_EVAL/stm324x9i_eval_nor.c
Compiling target/bsp/source/vendor/Components/ts3510/ts3510.c
Compiling target/bsp/source/vendor/Components/stmpe811/stmpe811.c
Compiling target/bsp/source/vendor/Components/exc7200/exc7200.c
Compiling target/bsp/source/vendor/STM324x9I_EVAL/stm324x9i_eval_ts.c
Compiling target/bsp/source/vendor/STM324x9I_EVAL/stm324x9i_eval_sdram.c
Compiling target/bsp/source/platform/stm32f4cube/STM32F4xx_HAL_Driver/stm32f4xx_hal.c
Compiling target/bsp/source/platform/stm32f4cube/STM32F4xx_HAL_Driver/stm32f4xx_hal_dma.c
Compiling target/bsp/source/platform/stm32f4cube/STM32F4xx_HAL_Driver/stm32f4xx_hal_cortex.c
Compiling target/bsp/source/platform/stm32f4cube/STM32F4xx_HAL_Driver/stm32f4xx_hal_dma2d.c
Compiling target/bsp/source/platform/stm32f4cube/STM32F4xx_HAL_Driver/stm32f4xx_hal_gpio.c
Compiling target/bsp/source/platform/stm32f4cube/STM32F4xx_HAL_Driver/stm32f4xx_hal_dma_ex.c
Compiling target/bsp/source/platform/stm32f4cube/STM32F4xx_HAL_Driver/stm32f4xx_hal_i2c.c
Compiling target/bsp/source/platform/stm32f4cube/STM32F4xx_HAL_Driver/stm32f4xx_hal_pwr_ex.c
Compiling target/bsp/source/platform/stm32f4cube/STM32F4xx_HAL_Driver/stm32f4xx_hal_ltdc.c
Compiling target/bsp/source/platform/stm32f4cube/STM32F4xx_HAL_Driver/stm32f4xx_hal_rcc.c
Compiling target/bsp/source/platform/stm32f4cube/STM32F4xx_HAL_Driver/stm32f4xx_hal_nor.c
Compiling target/bsp/source/platform/stm32f4cube/STM32F4xx_HAL_Driver/stm32f4xx_hal_rcc_ex.c
Compiling target/bsp/source/platform/stm32f4cube/STM32F4xx_HAL_Driver/stm32f4xx_ll_fmc.c
Compiling target/bsp/source/platform/stm32f4cube/STM32F4xx_HAL_Driver/stm32f4xx_hal_sdram.c
Compiling target/bsp/source/platform/stm32f4cube/STM32F4xx_HAL_Driver/stm32f4xx_ll_fsmc.c
Compiling target/bsp/source/platform/stm32f4cube/CMSIS/system_stm32f4xx.c
Linking build/bin/target.elf
Producing additional output formats...
  target.hex   - Combined internal+external hex
  intflash.elf - Internal flash, elf debug
  intflash.hex - Internal flash, hex
  extflash.bin - External flash, binary
